/root/autodl-tmp/conda/envs/openpi/lib/python3.11/site-packages/transformers/utils/hub.py:111: FutureWarning: Using `TRANSFORMERS_CACHE` is deprecated and will be removed in v5 of Transformers. Use `HF_HOME` instead.
  warnings.warn(
INFO:root:Loading model...
INFO:2025-11-07 10:13:22,543:jax._src.xla_bridge:925: Unable to initialize backend 'rocm': module 'jaxlib.xla_extension' has no attribute 'GpuAllocatorConfig'
INFO:jax._src.xla_bridge:Unable to initialize backend 'rocm': module 'jaxlib.xla_extension' has no attribute 'GpuAllocatorConfig'
INFO:2025-11-07 10:13:22,544:jax._src.xla_bridge:925: Unable to initialize backend 'tpu': INTERNAL: Failed to open libtpu.so: libtpu.so: cannot open shared object file: No such file or directory
INFO:jax._src.xla_bridge:Unable to initialize backend 'tpu': INTERNAL: Failed to open libtpu.so: libtpu.so: cannot open shared object file: No such file or directory
INFO:absl:orbax-checkpoint version: 0.11.13
INFO:absl:Created BasePyTreeCheckpointHandler: use_ocdbt=True, use_zarr3=False, pytree_metadata_options=PyTreeMetadataOptions(support_rich_types=False), array_metadata_store=<orbax.checkpoint._src.metadata.array_metadata_store.Store object at 0x7fe4e33d2250>
INFO:absl:Restoring checkpoint from /path/to/your/custom/cache/openpi-assets/checkpoints/pi05_libero/params.
INFO:absl:[thread=MainThread] Failed to get flag value for EXPERIMENTAL_ORBAX_USE_DISTRIBUTED_PROCESS_ID.
INFO:absl:[process=0] /jax/checkpoint/read/bytes_per_sec: 430.1 MiB/s (total bytes: 6.2 GiB) (time elapsed: 14 seconds) (per-host)
INFO:absl:Finished restoring checkpoint in 14.87 seconds from /path/to/your/custom/cache/openpi-assets/checkpoints/pi05_libero/params.
INFO:root:Norm stats not found in /root/code/saftyVLA/pi0_reward_server/assets/pi05_libero/physical-intelligence/libero, skipping.
INFO:root:Loaded norm stats from /path/to/your/custom/cache/openpi-assets/checkpoints/pi05_libero/assets/physical-intelligence/libero
INFO:root:Creating server (host: autodl-container-cac742a9c6-9bde9437, ip: 172.17.0.6)
INFO:websockets.server:server listening on 0.0.0.0:8000
INFO:websockets.server:connection open
INFO:openpi.serving.websocket_policy_server:Connection from ('127.0.0.1', 34602) opened
INFO:openpi.serving.websocket_policy_server:Connection from ('127.0.0.1', 34602) closed
ERROR:websockets.server:opening handshake failed
Traceback (most recent call last):
  File "/root/autodl-tmp/conda/envs/openpi/lib/python3.11/site-packages/websockets/http11.py", line 138, in parse
    request_line = yield from parse_line(read_line)
                   ^^^^^^^^^^^^^^^^^^^^^^^^^^^^^^^^
  File "/root/autodl-tmp/conda/envs/openpi/lib/python3.11/site-packages/websockets/http11.py", line 314, in parse_line
    raise EOFError("line without CRLF")
EOFError: line without CRLF

The above exception was the direct cause of the following exception:

Traceback (most recent call last):
  File "/root/autodl-tmp/conda/envs/openpi/lib/python3.11/site-packages/websockets/server.py", line 545, in parse
    request = yield from Request.parse(
              ^^^^^^^^^^^^^^^^^^^^^^^^^
  File "/root/autodl-tmp/conda/envs/openpi/lib/python3.11/site-packages/websockets/http11.py", line 140, in parse
    raise EOFError("connection closed while reading HTTP request line") from exc
EOFError: connection closed while reading HTTP request line

The above exception was the direct cause of the following exception:

Traceback (most recent call last):
  File "/root/autodl-tmp/conda/envs/openpi/lib/python3.11/site-packages/websockets/asyncio/server.py", line 356, in conn_handler
    await connection.handshake(
  File "/root/autodl-tmp/conda/envs/openpi/lib/python3.11/site-packages/websockets/asyncio/server.py", line 207, in handshake
    raise self.protocol.handshake_exc
websockets.exceptions.InvalidMessage: did not receive a valid HTTP request
